<?xml version="1.0" encoding="UTF-8"?><testsuite errors="0" failures="2" name="let's go on sale at Zara" skipped="0" tests="4" time="21.24" timestamp="2022-01-14 02:01:48"><testcase name="Login"/><testcase name="Go to trousers"/><testcase name="Buy clothes"><failure message="Element not found {By.xpath: //body/div[@id='app-root']/div[1]/div[1]/div[1]/div[1]/div[2]/main[1]/article[1]/div[2]/div[2]/div[1]/section[1]/div[1]/div[1]/div[2]/div[1]/div[1]/div[1]/div[2]/button[2]&#10;}&#10;Expected: visible or transparent: visible or have css value opacity=0&#10;Screenshot: file:/C:/Users/javier.toribio/IdeaProjects/JaviQA/build/reports/tests/1642165325271.0.png&#10;Page source: file:/C:/Users/javier.toribio/IdeaProjects/JaviQA/build/reports/tests/1642165325271.0.html&#10;Timeout: 4 s.&#10;Caused by: NoSuchElementException: no such element: Unable to locate element: {&quot;method&quot;:&quot;xpath&quot;,&quot;selector&quot;:&quot;//body/div[@id='app-root']/div[1]/div[1]/div[1]/div[1]/div[2]/main[1]/article[1]/div[2]/div[2]/div[1]/section[1]/div[1]/div[1]/div[2]/div[1]/div[1]/div[1]/div[2]/button[2]" type="java.lang.AssertionError">Element not found {By.xpath: //body/div[@id='app-root']/div[1]/div[1]/div[1]/div[1]/div[2]/main[1]/article[1]/div[2]/div[2]/div[1]/section[1]/div[1]/div[1]/div[2]/div[1]/div[1]/div[1]/div[2]/button[2]
}
Expected: visible or transparent: visible or have css value opacity=0
Screenshot: file:/C:/Users/javier.toribio/IdeaProjects/JaviQA/build/reports/tests/1642165325271.0.png
Page source: file:/C:/Users/javier.toribio/IdeaProjects/JaviQA/build/reports/tests/1642165325271.0.html
Timeout: 4 s.
Caused by: NoSuchElementException: no such element: Unable to locate element: {"method":"xpath","selector":"//body/div[@id='app-root']/div[1]/div[1]/div[1]/div[1]/div[2]/main[1]/article[1]/div[2]/div[2]/div[1]/section[1]/div[1]/div[1]/div[2]/div[1]/div[1]/div[1]/div[2]/button[2]</failure><system-err>Element not found {By.xpath: //body/div[@id='app-root']/div[1]/div[1]/div[1]/div[1]/div[2]/main[1]/article[1]/div[2]/div[2]/div[1]/section[1]/div[1]/div[1]/div[2]/div[1]/div[1]/div[1]/div[2]/button[2]
}
Expected: visible or transparent: visible or have css value opacity=0
Screenshot: file:/C:/Users/javier.toribio/IdeaProjects/JaviQA/build/reports/tests/1642165325271.0.png
Page source: file:/C:/Users/javier.toribio/IdeaProjects/JaviQA/build/reports/tests/1642165325271.0.html
Timeout: 4 s.
Caused by: NoSuchElementException: no such element: Unable to locate element: {"method":"xpath","selector":"//body/div[@id='app-root']/div[1]/div[1]/div[1]/div[1]/div[2]/main[1]/article[1]/div[2]/div[2]/div[1]/section[1]/div[1]/div[1]/div[2]/div[1]/div[1]/div[1]/div[2]/button[2]&#13;
com.codeborne.selenide.impl.WebElementSource.createElementNotFoundError(WebElementSource.java:37)&#13;
com.codeborne.selenide.impl.ElementFinder.createElementNotFoundError(ElementFinder.java:100)&#13;
com.codeborne.selenide.impl.WebElementSource.checkCondition(WebElementSource.java:65)&#13;
com.codeborne.selenide.impl.WebElementSource.findAndAssertElementIsInteractable(WebElementSource.java:87)&#13;
com.codeborne.selenide.commands.Click.execute(Click.java:13)&#13;
com.codeborne.selenide.commands.Click.execute(Click.java:9)&#13;
com.codeborne.selenide.commands.Commands.execute(Commands.java:145)&#13;
com.codeborne.selenide.impl.SelenideElementProxy.dispatchAndRetry(SelenideElementProxy.java:99)&#13;
com.codeborne.selenide.impl.SelenideElementProxy.invoke(SelenideElementProxy.java:65)&#13;
actions.ZaraActions.buttonAdd1(ZaraActions.java:51)&#13;
steps.ZaraSteps.button_add_1(ZaraSteps.java:57)&#13;
cucumber.runner.PickleStepDefinitionMatch.runStep(PickleStepDefinitionMatch.java:50)&#13;
cucumber.runner.TestStep.executeStep(TestStep.java:63)&#13;
cucumber.runner.TestStep.run(TestStep.java:49)&#13;
cucumber.runner.PickleStepTestStep.run(PickleStepTestStep.java:43)&#13;
cucumber.runner.TestCase.run(TestCase.java:44)&#13;
cucumber.runner.Runner.runPickle(Runner.java:40)&#13;
</system-err></testcase><testcase name="Logout"><failure message="Element not found {By.xpath: //header/div[1]/div[1]/div[1]/a[1]}&#10;Expected: visible or transparent: visible or have css value opacity=0&#10;Screenshot: file:/C:/Users/javier.toribio/IdeaProjects/JaviQA/build/reports/tests/1642165329797.1.png&#10;Page source: file:/C:/Users/javier.toribio/IdeaProjects/JaviQA/build/reports/tests/1642165329797.1.html&#10;Timeout: 4 s.&#10;Caused by: NoSuchElementException: no such element: Unable to locate element: {&quot;method&quot;:&quot;xpath&quot;,&quot;selector&quot;:&quot;//header/div[1]/div[1]/div[1]/a[1]&quot;}" type="java.lang.AssertionError">Element not found {By.xpath: //header/div[1]/div[1]/div[1]/a[1]}
Expected: visible or transparent: visible or have css value opacity=0
Screenshot: file:/C:/Users/javier.toribio/IdeaProjects/JaviQA/build/reports/tests/1642165329797.1.png
Page source: file:/C:/Users/javier.toribio/IdeaProjects/JaviQA/build/reports/tests/1642165329797.1.html
Timeout: 4 s.
Caused by: NoSuchElementException: no such element: Unable to locate element: {"method":"xpath","selector":"//header/div[1]/div[1]/div[1]/a[1]"}</failure><system-err>Element not found {By.xpath: //header/div[1]/div[1]/div[1]/a[1]}
Expected: visible or transparent: visible or have css value opacity=0
Screenshot: file:/C:/Users/javier.toribio/IdeaProjects/JaviQA/build/reports/tests/1642165329797.1.png
Page source: file:/C:/Users/javier.toribio/IdeaProjects/JaviQA/build/reports/tests/1642165329797.1.html
Timeout: 4 s.
Caused by: NoSuchElementException: no such element: Unable to locate element: {"method":"xpath","selector":"//header/div[1]/div[1]/div[1]/a[1]"}&#13;
com.codeborne.selenide.impl.WebElementSource.createElementNotFoundError(WebElementSource.java:37)&#13;
com.codeborne.selenide.impl.ElementFinder.createElementNotFoundError(ElementFinder.java:100)&#13;
com.codeborne.selenide.impl.WebElementSource.checkCondition(WebElementSource.java:65)&#13;
com.codeborne.selenide.impl.WebElementSource.findAndAssertElementIsInteractable(WebElementSource.java:87)&#13;
com.codeborne.selenide.commands.Click.execute(Click.java:13)&#13;
com.codeborne.selenide.commands.Click.execute(Click.java:9)&#13;
com.codeborne.selenide.commands.Commands.execute(Commands.java:145)&#13;
com.codeborne.selenide.impl.SelenideElementProxy.dispatchAndRetry(SelenideElementProxy.java:99)&#13;
com.codeborne.selenide.impl.SelenideElementProxy.invoke(SelenideElementProxy.java:65)&#13;
actions.ZaraActions.buttonBack(ZaraActions.java:75)&#13;
steps.ZaraSteps.button_Account(ZaraSteps.java:75)&#13;
cucumber.runner.PickleStepDefinitionMatch.runStep(PickleStepDefinitionMatch.java:50)&#13;
cucumber.runner.TestStep.executeStep(TestStep.java:63)&#13;
cucumber.runner.TestStep.run(TestStep.java:49)&#13;
cucumber.runner.PickleStepTestStep.run(PickleStepTestStep.java:43)&#13;
cucumber.runner.TestCase.run(TestCase.java:44)&#13;
cucumber.runner.Runner.runPickle(Runner.java:40)&#13;
</system-err></testcase></testsuite>